<?xml version="1.0" encoding="UTF-8"?>
<!-- Generated by org.testng.reporters.JUnitReportReporter -->
<testsuite hostname="naresh.local" failures="0" tests="1" name="frame1.khan" time="138.594" errors="0" timestamp="2023-06-21T16:41:51 IST" skipped="0">
  <testcase classname="frame1.khan" name="test1" time="138.594"/>
  <system-out/>
</testsuite> <!-- frame1.khan -->
